Arguments: 
  C:\Users\DellVermelho\Documents\workspace intellij\Agenda-React\client\.gradle\nodejs\node-v8.7.0-win-x64\node.exe C:\Users\DellVermelho\Documents\workspace intellij\Agenda-React\client\.gradle\yarn\yarn-v1.3.2\node_modules\yarn\bin\yarn.js

PATH: 
  C:\Users\DellVermelho\Documents\workspace intellij\Agenda-React\client\.gradle\yarn\yarn-v1.3.2;C:\Users\DellVermelho\Documents\workspace intellij\Agenda-React\client\.gradle\nodejs\node-v8.7.0-win-x64;C:\Users\DellVermelho\Documents\workspace intellij\Agenda-React\client\.gradle\nodejs\node-v8.7.0-win-x64;C:\Python27\;C:\Python27\Scripts;C:\Program Files (x86)\Common Files\Oracle\Java\javapath;C:\ProgramData\Oracle\Java\javapath;C:\Windows\system32;C:\Windows;C:\Windows\System32\Wbem;C:\Windows\System32\WindowsPowerShell\v1.0/;C:\Users\DellVermelho\Documents\grails-2.5.6;C:\Users\DellVermelho\Documents\grails-3.3.5\bin;C:\Program Files\Git\cmd;C:\grails-3.3.5\bin;C:\Program Files (x86)\Yarn\bin\;C:\ProgramData\chocolatey\bin;C:\Program Files\Java\jdk1.8.0_201\bin;C:\Program Files\Apache-Subversion-1.11.1\bin;C:\Program Files\nodejs\;C:\Program Files\MySQL\MySQL Server 8.0\bin;C:\Users\DellVermelho\Documents\grails-2.5.6\bin;C:\Users\DellVermelho\Documents\grails-3.3.5\bin;C:\Program Files\MySQL\MySQL Shell 8.0\bin\;C:\Users\DellVermelho\AppData\Local\Yarn\bin;C:\Users\DellVermelho\AppData\Roaming\npm;C:\Program Files\MongoDB\Server\4.2\bin;C:\Users\DellVermelho\AppData\Local\Programs\Microsoft VS Code\bin

Yarn version: 
  1.3.2

Node version: 
  8.7.0

Platform: 
  win32 x64

npm manifest: 
  {
    "name": "client",
    "version": "0.1.0",
    "private": true,
    "dependencies": {
      "react": "^16.2.0",
      "react-dom": "^16.2.0",
      "react-bootstrap": "0.31.5",
      "react-scripts": "1.1.1"
    },
    "scripts": {
      "start": "react-scripts start",
      "build": "react-scripts build",
      "test": "react-scripts test --env=jsdom",
      "eject": "react-scripts eject"
    }
  }

yarn manifest: 
  No manifest

Lockfile: 
  No lockfile

Trace: 
  Error: EPERM: operation not permitted, lstat 'C:\Users\DellVermelho\AppData\Local\Yarn\cache\v1\npm-react-dom-16.13.0-cdde54b48eb9e8a0ca1b3dc9943d9bb409b81866\.yarn-tarball.tgz'
